<?xml version="1.0" encoding="UTF-8"?>
<testng-results skipped="0" failed="1" ignored="6" total="10" passed="3">
  <reporter-output>
  </reporter-output>
  <suite name="Suite" duration-ms="12746" started-at="2022-01-09T19:13:39 IST" finished-at="2022-01-09T19:13:52 IST">
    <groups>
    </groups>
    <test name="Test" duration-ms="12746" started-at="2022-01-09T19:13:39 IST" finished-at="2022-01-09T19:13:52 IST">
      <class name="Test.CheckOutTest">
        <test-method status="PASS" signature="beforeSuite()[pri:0, instance:Test.CheckOutTest@2d2e5f00]" name="beforeSuite" is-config="true" duration-ms="3073" started-at="2022-01-09T19:13:36 IST" finished-at="2022-01-09T19:13:39 IST">
          <reporter-output>
          </reporter-output>
        </test-method> <!-- beforeSuite -->
        <test-method status="PASS" signature="beforeMethod()[pri:0, instance:Test.CheckOutTest@2d2e5f00]" name="beforeMethod" is-config="true" duration-ms="1" started-at="2022-01-09T19:13:39 IST" finished-at="2022-01-09T19:13:39 IST">
          <reporter-output>
          </reporter-output>
        </test-method> <!-- beforeMethod -->
        <test-method status="FAIL" signature="CheckOutInformation()[pri:0, instance:Test.CheckOutTest@2d2e5f00]" name="CheckOutInformation" duration-ms="8507" started-at="2022-01-09T19:13:39 IST" finished-at="2022-01-09T19:13:48 IST">
          <exception class="org.openqa.selenium.NoSuchElementException">
            <message>
              <![CDATA[no such element: Unable to locate element: {"method":"xpath","selector":"//input[@id='first-name']"}
  (Session info: chrome=97.0.4692.71)
For documentation on this error, please visit: http://seleniumhq.org/exceptions/no_such_element.html
Build info: version: '3.10.0', revision: '176b4a9', time: '2018-03-02T19:11:12.151Z'
System info: host: 'SAATHAPPAN', ip: '192.168.29.39', os.name: 'Windows 10', os.arch: 'amd64', os.version: '10.0', java.version: '1.8.0_251'
Driver info: org.openqa.selenium.chrome.ChromeDriver
Capabilities {acceptInsecureCerts: false, browserName: chrome, browserVersion: 97.0.4692.71, chrome: {chromedriverVersion: 96.0.4664.45 (76e4c1bb2ab46..., userDataDir: C:\Users\saath\AppData\Loca...}, goog:chromeOptions: {debuggerAddress: localhost:57602}, javascriptEnabled: true, networkConnectionEnabled: false, pageLoadStrategy: normal, platform: WINDOWS, platformName: WINDOWS, proxy: Proxy(), setWindowRect: true, strictFileInteractability: false, timeouts: {implicit: 0, pageLoad: 300000, script: 30000}, unhandledPromptBehavior: dismiss and notify, webauthn:extension:credBlob: true, webauthn:extension:largeBlob: true, webauthn:virtualAuthenticators: true}
Session ID: c47e6aace6f90a6e077bb8dc1c076825
*** Element info: {Using=xpath, value=//input[@id='first-name']}]]>
            </message>
            <full-stacktrace>
              <![CDATA[org.openqa.selenium.NoSuchElementException: no such element: Unable to locate element: {"method":"xpath","selector":"//input[@id='first-name']"}
  (Session info: chrome=97.0.4692.71)
For documentation on this error, please visit: http://seleniumhq.org/exceptions/no_such_element.html
Build info: version: '3.10.0', revision: '176b4a9', time: '2018-03-02T19:11:12.151Z'
System info: host: 'SAATHAPPAN', ip: '192.168.29.39', os.name: 'Windows 10', os.arch: 'amd64', os.version: '10.0', java.version: '1.8.0_251'
Driver info: org.openqa.selenium.chrome.ChromeDriver
Capabilities {acceptInsecureCerts: false, browserName: chrome, browserVersion: 97.0.4692.71, chrome: {chromedriverVersion: 96.0.4664.45 (76e4c1bb2ab46..., userDataDir: C:\Users\saath\AppData\Loca...}, goog:chromeOptions: {debuggerAddress: localhost:57602}, javascriptEnabled: true, networkConnectionEnabled: false, pageLoadStrategy: normal, platform: WINDOWS, platformName: WINDOWS, proxy: Proxy(), setWindowRect: true, strictFileInteractability: false, timeouts: {implicit: 0, pageLoad: 300000, script: 30000}, unhandledPromptBehavior: dismiss and notify, webauthn:extension:credBlob: true, webauthn:extension:largeBlob: true, webauthn:virtualAuthenticators: true}
Session ID: c47e6aace6f90a6e077bb8dc1c076825
*** Element info: {Using=xpath, value=//input[@id='first-name']}
at sun.reflect.NativeConstructorAccessorImpl.newInstance0(Native Method)
at sun.reflect.NativeConstructorAccessorImpl.newInstance(Unknown Source)
at sun.reflect.DelegatingConstructorAccessorImpl.newInstance(Unknown Source)
at java.lang.reflect.Constructor.newInstance(Unknown Source)
at org.openqa.selenium.remote.http.W3CHttpResponseCodec.createException(W3CHttpResponseCodec.java:187)
at org.openqa.selenium.remote.http.W3CHttpResponseCodec.decode(W3CHttpResponseCodec.java:122)
at org.openqa.selenium.remote.http.W3CHttpResponseCodec.decode(W3CHttpResponseCodec.java:49)
at org.openqa.selenium.remote.HttpCommandExecutor.execute(HttpCommandExecutor.java:160)
at org.openqa.selenium.remote.service.DriverCommandExecutor.execute(DriverCommandExecutor.java:83)
at org.openqa.selenium.remote.RemoteWebDriver.execute(RemoteWebDriver.java:601)
at org.openqa.selenium.remote.RemoteWebDriver.findElement(RemoteWebDriver.java:371)
at org.openqa.selenium.remote.RemoteWebDriver.findElementByXPath(RemoteWebDriver.java:473)
at org.openqa.selenium.By$ByXPath.findElement(By.java:361)
at org.openqa.selenium.remote.RemoteWebDriver.findElement(RemoteWebDriver.java:363)
at org.openqa.selenium.support.pagefactory.DefaultElementLocator.findElement(DefaultElementLocator.java:69)
at org.openqa.selenium.support.pagefactory.internal.LocatingElementHandler.invoke(LocatingElementHandler.java:38)
at com.sun.proxy.$Proxy11.sendKeys(Unknown Source)
at Pages.CheckOutInformation.EnterFirstname(CheckOutInformation.java:26)
at Test.CheckOutTest.CheckOutInformation(CheckOutTest.java:31)
at sun.reflect.NativeMethodAccessorImpl.invoke0(Native Method)
at sun.reflect.NativeMethodAccessorImpl.invoke(Unknown Source)
at sun.reflect.DelegatingMethodAccessorImpl.invoke(Unknown Source)
at java.lang.reflect.Method.invoke(Unknown Source)
at org.testng.internal.MethodInvocationHelper.invokeMethod(MethodInvocationHelper.java:133)
at org.testng.internal.TestInvoker.invokeMethod(TestInvoker.java:598)
at org.testng.internal.TestInvoker.invokeTestMethod(TestInvoker.java:173)
at org.testng.internal.MethodRunner.runInSequence(MethodRunner.java:46)
at org.testng.internal.TestInvoker$MethodInvocationAgent.invoke(TestInvoker.java:824)
at org.testng.internal.TestInvoker.invokeTestMethods(TestInvoker.java:146)
at org.testng.internal.TestMethodWorker.invokeTestMethods(TestMethodWorker.java:146)
at org.testng.internal.TestMethodWorker.run(TestMethodWorker.java:128)
at java.util.ArrayList.forEach(Unknown Source)
at org.testng.TestRunner.privateRun(TestRunner.java:794)
at org.testng.TestRunner.run(TestRunner.java:596)
at org.testng.SuiteRunner.runTest(SuiteRunner.java:377)
at org.testng.SuiteRunner.runSequentially(SuiteRunner.java:371)
at org.testng.SuiteRunner.privateRun(SuiteRunner.java:332)
at org.testng.SuiteRunner.run(SuiteRunner.java:276)
at org.testng.SuiteRunnerWorker.runSuite(SuiteRunnerWorker.java:53)
at org.testng.SuiteRunnerWorker.run(SuiteRunnerWorker.java:96)
at org.testng.TestNG.runSuitesSequentially(TestNG.java:1212)
at org.testng.TestNG.runSuitesLocally(TestNG.java:1134)
at org.testng.TestNG.runSuites(TestNG.java:1063)
at org.testng.TestNG.run(TestNG.java:1031)
at org.testng.remote.AbstractRemoteTestNG.run(AbstractRemoteTestNG.java:115)
at org.testng.remote.RemoteTestNG.initAndRun(RemoteTestNG.java:251)
at org.testng.remote.RemoteTestNG.main(RemoteTestNG.java:77)
]]>
            </full-stacktrace>
          </exception> <!-- org.openqa.selenium.NoSuchElementException -->
          <reporter-output>
          </reporter-output>
        </test-method> <!-- CheckOutInformation -->
        <test-method status="PASS" signature="afterMethod()[pri:0, instance:Test.CheckOutTest@2d2e5f00]" name="afterMethod" is-config="true" duration-ms="0" started-at="2022-01-09T19:13:48 IST" finished-at="2022-01-09T19:13:48 IST">
          <reporter-output>
          </reporter-output>
        </test-method> <!-- afterMethod -->
        <test-method status="PASS" signature="afterSuite()[pri:0, instance:Test.CheckOutTest@2d2e5f00]" name="afterSuite" is-config="true" duration-ms="792" started-at="2022-01-09T19:13:52 IST" finished-at="2022-01-09T19:13:53 IST">
          <reporter-output>
          </reporter-output>
        </test-method> <!-- afterSuite -->
      </class> <!-- Test.CheckOutTest -->
      <class name="Test.SauceLoginTest">
        <test-method status="PASS" signature="beforeMethod()[pri:0, instance:Test.SauceLoginTest@157632c9]" name="beforeMethod" is-config="true" duration-ms="2" started-at="2022-01-09T19:13:48 IST" finished-at="2022-01-09T19:13:48 IST">
          <reporter-output>
          </reporter-output>
        </test-method> <!-- beforeMethod -->
        <test-method status="PASS" signature="SauceLogin()[pri:0, instance:Test.SauceLoginTest@157632c9]" name="SauceLogin" duration-ms="3070" started-at="2022-01-09T19:13:48 IST" finished-at="2022-01-09T19:13:51 IST">
          <reporter-output>
          </reporter-output>
        </test-method> <!-- SauceLogin -->
        <test-method status="PASS" signature="afterMethod()[pri:0, instance:Test.SauceLoginTest@157632c9]" name="afterMethod" is-config="true" duration-ms="1" started-at="2022-01-09T19:13:51 IST" finished-at="2022-01-09T19:13:51 IST">
          <reporter-output>
          </reporter-output>
        </test-method> <!-- afterMethod -->
      </class> <!-- Test.SauceLoginTest -->
      <class name="Test.ProductsAddToCartTest">
        <test-method status="PASS" signature="beforeMethod()[pri:0, instance:Test.ProductsAddToCartTest@55040f2f]" name="beforeMethod" is-config="true" duration-ms="1" started-at="2022-01-09T19:13:51 IST" finished-at="2022-01-09T19:13:51 IST">
          <reporter-output>
          </reporter-output>
        </test-method> <!-- beforeMethod -->
        <test-method status="PASS" signature="ProductsToAddCartTest()[pri:0, instance:Test.ProductsAddToCartTest@55040f2f]" name="ProductsToAddCartTest" duration-ms="875" started-at="2022-01-09T19:13:51 IST" finished-at="2022-01-09T19:13:52 IST">
          <reporter-output>
          </reporter-output>
        </test-method> <!-- ProductsToAddCartTest -->
      </class> <!-- Test.ProductsAddToCartTest -->
      <class name="Test.YourCartTest">
        <test-method status="PASS" signature="beforeMethod()[pri:0, instance:Test.YourCartTest@400cff1a]" name="beforeMethod" is-config="true" duration-ms="1" started-at="2022-01-09T19:13:52 IST" finished-at="2022-01-09T19:13:52 IST">
          <reporter-output>
          </reporter-output>
        </test-method> <!-- beforeMethod -->
        <test-method status="PASS" signature="YourCart()[pri:0, instance:Test.YourCartTest@400cff1a]" name="YourCart" duration-ms="190" started-at="2022-01-09T19:13:52 IST" finished-at="2022-01-09T19:13:52 IST">
          <reporter-output>
          </reporter-output>
        </test-method> <!-- YourCart -->
      </class> <!-- Test.YourCartTest -->
    </test> <!-- Test -->
  </suite> <!-- Suite -->
</testng-results>
