<?xml version="1.0" encoding="UTF-8"?>
<testng-results skipped="0" failed="0" ignored="12" total="18" passed="6">
  <reporter-output>
  </reporter-output>
  <suite name="Suite" duration-ms="6214" started-at="2022-01-09T22:33:33 IST" finished-at="2022-01-09T22:33:39 IST">
    <groups>
    </groups>
    <test name="Test" duration-ms="6214" started-at="2022-01-09T22:33:33 IST" finished-at="2022-01-09T22:33:39 IST">
      <class name="Test.CheckOutOverViewTest">
        <test-method status="PASS" signature="CheckOutOverViewTest()[pri:0, instance:Test.CheckOutOverViewTest@5ea434c8]" name="CheckOutOverViewTest" duration-ms="214" started-at="2022-01-09T22:33:39 IST" finished-at="2022-01-09T22:33:39 IST">
          <reporter-output>
          </reporter-output>
        </test-method> <!-- CheckOutOverViewTest -->
      </class> <!-- Test.CheckOutOverViewTest -->
      <class name="Test.CheckOutTest">
        <test-method status="PASS" signature="beforeMethod()[pri:0, instance:Test.CheckOutTest@67e2d983]" name="beforeMethod" is-config="true" duration-ms="1" started-at="2022-01-09T22:33:38 IST" finished-at="2022-01-09T22:33:38 IST">
          <reporter-output>
          </reporter-output>
        </test-method> <!-- beforeMethod -->
        <test-method status="PASS" signature="CheckOutInformation()[pri:0, instance:Test.CheckOutTest@67e2d983]" name="CheckOutInformation" duration-ms="793" started-at="2022-01-09T22:33:38 IST" finished-at="2022-01-09T22:33:39 IST">
          <reporter-output>
          </reporter-output>
        </test-method> <!-- CheckOutInformation -->
        <test-method status="PASS" signature="afterMethod()[pri:0, instance:Test.CheckOutTest@67e2d983]" name="afterMethod" is-config="true" duration-ms="0" started-at="2022-01-09T22:33:39 IST" finished-at="2022-01-09T22:33:39 IST">
          <reporter-output>
          </reporter-output>
        </test-method> <!-- afterMethod -->
      </class> <!-- Test.CheckOutTest -->
      <class name="Test.CheckOutCompleteTest">
        <test-method status="PASS" signature="CheckOutOverViewTest()[pri:0, instance:Test.CheckOutCompleteTest@4ae3c1cd]" name="CheckOutOverViewTest" duration-ms="93" started-at="2022-01-09T22:33:39 IST" finished-at="2022-01-09T22:33:39 IST">
          <reporter-output>
          </reporter-output>
        </test-method> <!-- CheckOutOverViewTest -->
      </class> <!-- Test.CheckOutCompleteTest -->
      <class name="Test.TestBase">
        <test-method status="PASS" signature="beforeSuite()[pri:0, instance:Test.TestBase@5e25a92e]" name="beforeSuite" is-config="true" duration-ms="3056" started-at="2022-01-09T22:33:30 IST" finished-at="2022-01-09T22:33:33 IST">
          <reporter-output>
          </reporter-output>
        </test-method> <!-- beforeSuite -->
        <test-method status="PASS" signature="afterSuite()[pri:0, instance:Test.TestBase@5e25a92e]" name="afterSuite" is-config="true" duration-ms="1229" started-at="2022-01-09T22:33:39 IST" finished-at="2022-01-09T22:33:41 IST">
          <reporter-output>
          </reporter-output>
        </test-method> <!-- afterSuite -->
      </class> <!-- Test.TestBase -->
      <class name="Test.SauceLoginTest">
        <test-method status="PASS" signature="beforeMethod()[pri:0, instance:Test.SauceLoginTest@6ee12bac]" name="beforeMethod" is-config="true" duration-ms="1" started-at="2022-01-09T22:33:33 IST" finished-at="2022-01-09T22:33:33 IST">
          <reporter-output>
          </reporter-output>
        </test-method> <!-- beforeMethod -->
        <test-method status="PASS" signature="SauceLogin()[pri:0, instance:Test.SauceLoginTest@6ee12bac]" name="SauceLogin" duration-ms="3989" started-at="2022-01-09T22:33:33 IST" finished-at="2022-01-09T22:33:37 IST">
          <reporter-output>
          </reporter-output>
        </test-method> <!-- SauceLogin -->
        <test-method status="PASS" signature="afterMethod()[pri:0, instance:Test.SauceLoginTest@6ee12bac]" name="afterMethod" is-config="true" duration-ms="1" started-at="2022-01-09T22:33:37 IST" finished-at="2022-01-09T22:33:37 IST">
          <reporter-output>
          </reporter-output>
        </test-method> <!-- afterMethod -->
      </class> <!-- Test.SauceLoginTest -->
      <class name="Test.ProductsAddToCartTest">
        <test-method status="PASS" signature="beforeMethod()[pri:0, instance:Test.ProductsAddToCartTest@64c87930]" name="beforeMethod" is-config="true" duration-ms="1" started-at="2022-01-09T22:33:37 IST" finished-at="2022-01-09T22:33:37 IST">
          <reporter-output>
          </reporter-output>
        </test-method> <!-- beforeMethod -->
        <test-method status="PASS" signature="ProductsToAddCartTest()[pri:0, instance:Test.ProductsAddToCartTest@64c87930]" name="ProductsToAddCartTest" duration-ms="820" started-at="2022-01-09T22:33:37 IST" finished-at="2022-01-09T22:33:38 IST">
          <reporter-output>
          </reporter-output>
        </test-method> <!-- ProductsToAddCartTest -->
      </class> <!-- Test.ProductsAddToCartTest -->
      <class name="Test.YourCartTest">
        <test-method status="PASS" signature="beforeMethod()[pri:0, instance:Test.YourCartTest@275710fc]" name="beforeMethod" is-config="true" duration-ms="1" started-at="2022-01-09T22:33:38 IST" finished-at="2022-01-09T22:33:38 IST">
          <reporter-output>
          </reporter-output>
        </test-method> <!-- beforeMethod -->
        <test-method status="PASS" signature="YourCart()[pri:0, instance:Test.YourCartTest@275710fc]" name="YourCart" duration-ms="226" started-at="2022-01-09T22:33:38 IST" finished-at="2022-01-09T22:33:38 IST">
          <reporter-output>
          </reporter-output>
        </test-method> <!-- YourCart -->
      </class> <!-- Test.YourCartTest -->
    </test> <!-- Test -->
  </suite> <!-- Suite -->
</testng-results>
